[91612][1649592739106][main][info]["Booting Postman 9.15.2, linux-5.17.1-arch1-1 on x64"]
[91612][1649592739109][main][info]["EventBus~initialize - Success"]
[91612][1649592739110][main][info]["Proxy configuration has not been setup"]
[91612][1649592739111][main][info]["CloudProxyManager~init - Success"]
[91612][1649592739116][main][info]["UpdateHandler~init - Success"]
[91612][1649592739356][main][info]["RuntimeIPCAgent~started: Success"]
[91612][1649592739359][main][info]["LinuxAutoUpdater~Cleanup - Initial cleanup successful"]
[91612][1649592739360][main][info]["LeaderSelection: Initialized successfully"]
[91612][1649592739360][main][info]["VersionDependencyService: Initialized successfully"]
[91612][1649592739371][main][info]["Generated root certificate for linux"]
[91612][1649592739388][main][info]["GPU detected VID 4098 DID 5688 ACTIVE true"]
[91612][1649592739395][main][info]["Bootstrap-models~bootstrap - Success"]
[91612][1649592740849][main][info]["UpdateHandler~app-update-events - Received event",{"name":"checkForElectronVersionUpdated","namespace":"appUpdate"}]
[91612][1649592740863][main][info]["windowManager: First requester booted successfully."]
[91612][1649592740863][main][info]["windowManager~restoreWindows: Restoring requester windows"]
[91612][1649592740864][main][info]["Main~AppEvents - Received booted event for process requester.Version undefined UI Version: undefined Desktop Platform Version: 9.15.2"]
[91612][1649592756874][main][info]["VersionDependencyService: Resetting UI version as user logged out/switched account"]
[91612][1649592756875][main][info]["Main - model-events~user - (users, add) received"]
[91612][1649592757106][main][warn]["AuthHandler~open: Current app is not default protocol client - Falling back to polling mechanism."]
[91612][1649592766750][main][info]["Main - model-events~user - (authentication, get_auth_info) received"]
[91612][1649592766751][main][info]["Main - model-events~user - (authentication, authenticated) received"]
[91612][1649592766753][main][info]["UpdateHandler~app-update-events - Received event",{"name":"checkForElectronVersionUpdated","namespace":"appUpdate"}]
[91612][1649592766765][main][info]["windowManager: First requester booted successfully."]
[91612][1649592766765][main][info]["windowManager~restoreWindows: Restoring requester windows"]
[91612][1649592766766][main][info]["Main~AppEvents - Received booted event for process requester.Version 9.15.11 UI Version: 9.15.11-ui-220404-0850 Desktop Platform Version: 9.15.2"]
[91612][1649592767056][main][info]["Main - model-events~user - (user, update) received"]
[91612][1649592770129][main][info]["Main - model-events~user - (authentication, get_auth_info) received"]
[91612][1649592770129][main][info]["Main - model-events~user - (authentication, authenticated) received"]
[91612][1649592770133][main][info]["UpdateHandler~app-update-events - Received event",{"name":"checkForElectronVersionUpdated","namespace":"appUpdate"}]
[91612][1649592770146][main][info]["Main~AppEvents - Received booted event for process requester.Version 9.15.11 UI Version: 9.15.11-ui-220404-0850 Desktop Platform Version: 9.15.2"]
[91612][1649592770481][main][info]["Main - model-events~user - (user, update) received"]
[91612][1649592771136][main][info]["Main - model-events~user - (user, bootstrapUser) received"]
[91612][1649592771605][main][info]["Main - model-events~user - (user, bootstrapUser) received"]
[91612][1649592859263][main][info]["Main - model-events~user - (user, refreshOrganizations) received"]
[91612][1649593693762][main][info]["VersionDependencyService: Resetting UI version as user logged out/switched account"]
[91612][1649593693762][main][info]["Main - model-events~user - (user, logout) received"]
[91612][1649593695051][main][info]["UpdateHandler~app-update-events - Received event",{"name":"checkForElectronVersionUpdated","namespace":"appUpdate"}]
[91612][1649593695059][main][info]["windowManager: First requester booted successfully."]
[91612][1649593695060][main][info]["windowManager~restoreWindows: Restoring requester windows"]
[91612][1649593695060][main][info]["Main~AppEvents - Received booted event for process requester.Version undefined UI Version: undefined Desktop Platform Version: 9.15.2"]
[91612][1649593699194][main][info]["VersionDependencyService: Resetting UI version as user logged out/switched account"]
[91612][1649593699194][main][info]["Main - model-events~user - (users, add) received"]
[91612][1649593699416][main][warn]["AuthHandler~open: Current app is not default protocol client - Falling back to polling mechanism."]
[91612][1649593717533][main][info]["Main - model-events~user - (authentication, get_auth_info) received"]
[91612][1649593717534][main][info]["Main - model-events~user - (authentication, authenticated) received"]
[91612][1649593717536][main][info]["UpdateHandler~app-update-events - Received event",{"name":"checkForElectronVersionUpdated","namespace":"appUpdate"}]
[91612][1649593717548][main][info]["windowManager: First requester booted successfully."]
[91612][1649593717548][main][info]["windowManager~restoreWindows: Restoring requester windows"]
[91612][1649593717548][main][info]["Main~AppEvents - Received booted event for process requester.Version 9.15.11 UI Version: 9.15.11-ui-220404-0850 Desktop Platform Version: 9.15.2"]
[91612][1649593717814][main][info]["Main - model-events~user - (user, update) received"]
[91612][1649593719772][main][info]["Main - model-events~user - (authentication, get_auth_info) received"]
[91612][1649593719773][main][info]["Main - model-events~user - (authentication, authenticated) received"]
[91612][1649593719777][main][info]["UpdateHandler~app-update-events - Received event",{"name":"checkForElectronVersionUpdated","namespace":"appUpdate"}]
[91612][1649593719789][main][info]["Main~AppEvents - Received booted event for process requester.Version 9.15.11 UI Version: 9.15.11-ui-220404-0850 Desktop Platform Version: 9.15.2"]
[91612][1649593720107][main][info]["Main - model-events~user - (user, update) received"]
[91612][1649593720363][main][info]["Main - model-events~user - (user, bootstrapUser) received"]
[91612][1649593720604][main][info]["Main - model-events~user - (user, bootstrapUser) received"]
[91612][1649680203728][main][info]["Quitting app"]
[3216][1649680451337][main][info]["Booting Postman 9.15.2, linux-5.17.1-arch1-1 on x64"]
[3216][1649680451340][main][info]["EventBus~initialize - Success"]
[3216][1649680451341][main][info]["Proxy configuration has not been setup"]
[3216][1649680451342][main][info]["CloudProxyManager~init - Success"]
[3216][1649680451347][main][info]["UpdateHandler~init - Success"]
[3216][1649680451657][main][info]["RuntimeIPCAgent~started: Success"]
[3216][1649680451659][main][info]["LinuxAutoUpdater~Cleanup - Initial cleanup successful"]
[3216][1649680451660][main][info]["LeaderSelection: Initialized successfully"]
[3216][1649680451660][main][info]["VersionDependencyService: Initialized successfully"]
[3216][1649680451679][main][info]["GPU detected VID 4098 DID 5688 ACTIVE true"]
[3216][1649680451688][main][info]["Bootstrap-models~bootstrap - Success"]
[3216][1649680454055][main][info]["UpdateHandler~app-update-events - Received event",{"name":"checkForElectronVersionUpdated","namespace":"appUpdate"}]
[3216][1649680454068][main][info]["windowManager: First requester booted successfully."]
[3216][1649680454068][main][info]["windowManager~restoreWindows: Restoring requester windows"]
[3216][1649680454068][main][info]["Main~AppEvents - Received booted event for process requester.Version 9.15.11 UI Version: 9.15.11-ui-220404-0850 Desktop Platform Version: 9.15.2"]
[3216][1649680454914][main][info]["Main - model-events~user - (user, bootstrapUser) received"]
[3216][1649684548730][main][info]["WindowManager~closeHandler - Closed Window (id: 1 )"]
[3216][1649684548750][main][info]["Quitting app"]
[15920][1649684564633][main][info]["Booting Postman 9.15.2, linux-5.17.1-arch1-1 on x64"]
[15920][1649684564636][main][info]["EventBus~initialize - Success"]
[15920][1649684564637][main][info]["Proxy configuration has not been setup"]
[15920][1649684564638][main][info]["CloudProxyManager~init - Success"]
[15920][1649684564642][main][info]["UpdateHandler~init - Success"]
[15920][1649684564949][main][info]["RuntimeIPCAgent~started: Success"]
[15920][1649684564951][main][info]["LinuxAutoUpdater~Cleanup - Initial cleanup successful"]
[15920][1649684564952][main][info]["LeaderSelection: Initialized successfully"]
[15920][1649684564952][main][info]["VersionDependencyService: Initialized successfully"]
[15920][1649684564970][main][info]["GPU detected VID 4098 DID 5688 ACTIVE true"]
[15920][1649684564980][main][info]["Bootstrap-models~bootstrap - Success"]
[15920][1649684566148][main][info]["UpdateHandler~app-update-events - Received event",{"name":"checkForElectronVersionUpdated","namespace":"appUpdate"}]
[15920][1649684566161][main][info]["windowManager: First requester booted successfully."]
[15920][1649684566161][main][info]["windowManager~restoreWindows: Restoring requester windows"]
[15920][1649684566162][main][info]["Main~AppEvents - Received booted event for process requester.Version 9.15.11 UI Version: 9.15.11-ui-220404-0850 Desktop Platform Version: 9.15.2"]
[15920][1649684567015][main][info]["Main - model-events~user - (user, bootstrapUser) received"]
[15920][1649684877474][main][info]["WindowManager~closeHandler - Closed Window (id: 1 )"]
[15920][1649684877480][main][info]["Quitting app"]
[24660][1649686687929][main][info]["Booting Postman 9.15.2, linux-5.17.1-arch1-1 on x64"]
[24660][1649686687932][main][info]["EventBus~initialize - Success"]
[24660][1649686687933][main][info]["Proxy configuration has not been setup"]
[24660][1649686687933][main][info]["CloudProxyManager~init - Success"]
[24660][1649686687938][main][info]["UpdateHandler~init - Success"]
[24660][1649686688251][main][info]["RuntimeIPCAgent~started: Success"]
[24660][1649686688253][main][info]["LinuxAutoUpdater~Cleanup - Initial cleanup successful"]
[24660][1649686688254][main][info]["LeaderSelection: Initialized successfully"]
[24660][1649686688254][main][info]["VersionDependencyService: Initialized successfully"]
[24660][1649686688272][main][info]["GPU detected VID 4098 DID 5688 ACTIVE true"]
[24660][1649686688281][main][info]["Bootstrap-models~bootstrap - Success"]
[24660][1649686689499][main][info]["UpdateHandler~app-update-events - Received event",{"name":"checkForElectronVersionUpdated","namespace":"appUpdate"}]
[24660][1649686689513][main][info]["windowManager: First requester booted successfully."]
[24660][1649686689514][main][info]["windowManager~restoreWindows: Restoring requester windows"]
[24660][1649686689514][main][info]["Main~AppEvents - Received booted event for process requester.Version 9.15.11 UI Version: 9.15.11-ui-220404-0850 Desktop Platform Version: 9.15.2"]
[24660][1649686690345][main][info]["Main - model-events~user - (user, bootstrapUser) received"]
[24660][1649687263280][main][info]["WindowManager~closeHandler - Closed Window (id: 1 )"]
[24660][1649687263285][main][info]["Quitting app"]
[100061][1649772540161][main][info]["Booting Postman 9.15.2, linux-5.17.1-arch1-1 on x64"]
[100061][1649772540163][main][info]["EventBus~initialize - Success"]
[100061][1649772540165][main][info]["Proxy configuration has not been setup"]
[100061][1649772540165][main][info]["CloudProxyManager~init - Success"]
[100061][1649772540170][main][info]["UpdateHandler~init - Success"]
[100061][1649772540491][main][info]["RuntimeIPCAgent~started: Success"]
[100061][1649772540493][main][info]["LinuxAutoUpdater~Cleanup - Initial cleanup successful"]
[100061][1649772540494][main][info]["LeaderSelection: Initialized successfully"]
[100061][1649772540495][main][info]["VersionDependencyService: Initialized successfully"]
[100061][1649772540514][main][info]["GPU detected VID 4098 DID 5688 ACTIVE true"]
[100061][1649772540525][main][info]["Bootstrap-models~bootstrap - Success"]
[100061][1649772541779][main][info]["UpdateHandler~app-update-events - Received event",{"name":"checkForElectronVersionUpdated","namespace":"appUpdate"}]
[100061][1649772541793][main][info]["windowManager: First requester booted successfully."]
[100061][1649772541793][main][info]["windowManager~restoreWindows: Restoring requester windows"]
[100061][1649772541793][main][info]["Main~AppEvents - Received booted event for process requester.Version 9.15.11 UI Version: 9.15.11-ui-220404-0850 Desktop Platform Version: 9.15.2"]
[100061][1649772543697][main][info]["Main - model-events~user - (user, bootstrapUser) received"]
[100061][1649775450556][main][info]["WindowManager~closeHandler - Closed Window (id: 1 )"]
[100061][1649775450573][main][info]["Quitting app"]
[125334][1649778579862][main][info]["Booting Postman 9.15.2, linux-5.17.1-arch1-1 on x64"]
[125334][1649778579865][main][info]["EventBus~initialize - Success"]
[125334][1649778579867][main][info]["Proxy configuration has not been setup"]
[125334][1649778579867][main][info]["CloudProxyManager~init - Success"]
[125334][1649778579872][main][info]["UpdateHandler~init - Success"]
[125334][1649778580189][main][info]["RuntimeIPCAgent~started: Success"]
[125334][1649778580192][main][info]["LinuxAutoUpdater~Cleanup - Initial cleanup successful"]
[125334][1649778580192][main][info]["LeaderSelection: Initialized successfully"]
[125334][1649778580193][main][info]["VersionDependencyService: Initialized successfully"]
[125334][1649778580217][main][info]["GPU detected VID 4098 DID 5688 ACTIVE true"]
[125334][1649778580227][main][info]["Bootstrap-models~bootstrap - Success"]
[125334][1649778581486][main][info]["UpdateHandler~app-update-events - Received event",{"name":"checkForElectronVersionUpdated","namespace":"appUpdate"}]
[125334][1649778581498][main][info]["windowManager: First requester booted successfully."]
[125334][1649778581498][main][info]["windowManager~restoreWindows: Restoring requester windows"]
[125334][1649778581499][main][info]["Main~AppEvents - Received booted event for process requester.Version 9.15.11 UI Version: 9.15.11-ui-220404-0850 Desktop Platform Version: 9.15.2"]
[125334][1649778582317][main][info]["Main - model-events~user - (user, bootstrapUser) received"]
