[91612][1649592739574][shell][info]["EventBus~initialize - Success"]
[91612][1649592739579][shell][info]["bootShellCrashReporter~ Success"]
[91612][1649592739588][shell][info]["shellController~init: Success"]
[91612][1649592739588][shell][info]["shellMeta~init: Success"]
[91612][1649592739588][shell][info]["partitionMigrationService: State of V7 partition:"]
[91612][1649592739588][shell][info]["partitionMigrationService: V7 partitions",[]]
[91612][1649592739588][shell][info]["partitionMigrationService: V7 lastActiveUser",null]
[91612][1649592739588][shell][info]["partitionMigrationService: V7 activePartition",null]
[91612][1649592739588][shell][info]["partitionMigrationService: V7 isPartitionDirty",null]
[91612][1649592739589][shell][info]["partitionMigrationService~rectifyNamespaceOfScratchPadPartition: There is no partition with scratchpad namespace"]
[91612][1649592739589][shell][info]["partitionMigrationService~rectifyNamespaceOfScratchPadPartition: There is no transit partition which could have been used for scratchpad"]
[91612][1649592739589][shell][info]["partitionMigrationService~init: Success"]
[91612][1649592739589][shell][info]["partitionMigrationService~runV8PartitionsIntegrity: Two way migration~ removing the following partitions from v8",[]]
[91612][1649592739589][shell][info]["userPartitionService~_rectifyTheActivePartitionOfApplication: Setting the active partition to ",null]
[91612][1649592739590][shell][info]["userPartitionService~init: Success"]
[91612][1649592739590][shell][info]["userPartitionService: State of v8 partition system:"]
[91612][1649592739590][shell][info]["userPartitionService: List of partitions:",[]]
[91612][1649592739590][shell][info]["userPartitionService: users global meta:",{"activePartition":null}]
[91612][1649592739591][shell][info]["shell~init~getPartitionToLoad: loading scratchpad partition"]
[91612][1649592739593][shell][info]["init~setViewAttributes - Initializing view with opts:"]
[91612][1649592739593][shell][info]["Shell~init~setViewAttributes: passing scratchpad partition id as ","c6588101-baa7-4e5b-ab0c-f0b6b7a065f4"]
[91612][1649592739593][shell][info]["Shell~init~setViewAttributes: do we have any logged in users? ",false]
[91612][1649592739594][shell][info]["init~setViewAttributes - Success"]
[91612][1649592740859][shell][info]["Shell~init~sendUsersDataToRenderer",[]]
[91612][1649592740889][shell][info]["Shell~init~sendUsersDataToRenderer",[]]
[91612][1649592763433][shell][info]["EventBus~initialize - Success"]
[91612][1649592763439][shell][info]["bootShellCrashReporter~ Success"]
[91612][1649592763449][shell][info]["shellController~init: Success"]
[91612][1649592763449][shell][info]["shellMeta~init: Success"]
[91612][1649592763449][shell][info]["partitionMigrationService: State of V7 partition:"]
[91612][1649592763449][shell][info]["partitionMigrationService: V7 partitions",[]]
[91612][1649592763449][shell][info]["partitionMigrationService: V7 lastActiveUser",null]
[91612][1649592763449][shell][info]["partitionMigrationService: V7 activePartition",null]
[91612][1649592763449][shell][info]["partitionMigrationService: V7 isPartitionDirty",null]
[91612][1649592763450][shell][info]["partitionMigrationService~init: Success"]
[91612][1649592763450][shell][info]["partitionMigrationService~runV8PartitionsIntegrity: Two way migration~ removing the following partitions from v8",[]]
[91612][1649592763450][shell][info]["userPartitionService~_rectifyTheActivePartitionOfApplication: Setting the active partition to ",null]
[91612][1649592763451][shell][info]["userPartitionService~init: Success"]
[91612][1649592763451][shell][info]["Shell~init~loginUser: associating the user ","9022383"," with transit partition"]
[91612][1649592763452][shell][info]["userPartitionService~associateTransitPartition: ",{"partitionId":"1d49287e-3df5-4985-b0f8-3481c749939e","context":{"namespace":"users","userId":"9022383","teamId":"528810"}}]
[91612][1649592763452][shell][info]["userPartitionService: State of v8 partition system:"]
[91612][1649592763453][shell][info]["userPartitionService: List of partitions:",[{"partitionId":"1d49287e-3df5-4985-b0f8-3481c749939e","namespace":"users","userId":"9022383","teamId":"528810","lastUpdated":"2022-04-10T12:12:43.452Z"},{"partitionId":"c6588101-baa7-4e5b-ab0c-f0b6b7a065f4","namespace":"scratchPad","userId":0,"teamId":0,"isDirty":false}]]
[91612][1649592763453][shell][info]["userPartitionService: users global meta:",{"activePartition":null}]
[91612][1649592763454][shell][info]["init~setViewAttributes - Initializing view with opts:"]
[91612][1649592763456][shell][info]["Shell~init~setViewAttributes: passing scratchpad partition id as ","c6588101-baa7-4e5b-ab0c-f0b6b7a065f4"]
[91612][1649592763456][shell][info]["Shell~init~setViewAttributes: do we have any logged in users? ",true]
[91612][1649592763457][shell][info]["init~setViewAttributes - Success"]
[91612][1649592766765][shell][info]["Shell~init~sendUsersDataToRenderer",["9022383"]]
[91612][1649592767113][shell][info]["EventBus~initialize - Success"]
[91612][1649592767114][shell][info]["bootShellCrashReporter~ Success"]
[91612][1649592767122][shell][info]["shellController~init: Success"]
[91612][1649592767122][shell][info]["shellMeta~init: Success"]
[91612][1649592767123][shell][info]["partitionMigrationService: State of V7 partition:"]
[91612][1649592767123][shell][info]["partitionMigrationService: V7 partitions",[]]
[91612][1649592767123][shell][info]["partitionMigrationService: V7 lastActiveUser",null]
[91612][1649592767123][shell][info]["partitionMigrationService: V7 activePartition",null]
[91612][1649592767123][shell][info]["partitionMigrationService: V7 isPartitionDirty",null]
[91612][1649592767123][shell][info]["partitionMigrationService~init: Success"]
[91612][1649592767123][shell][info]["partitionMigrationService~runV8PartitionsIntegrity: Two way migration~ removing the following partitions from v8",[]]
[91612][1649592767123][shell][info]["userPartitionService~getRecentV8UserPartition: recent v8 user context partition ","1d49287e-3df5-4985-b0f8-3481c749939e"]
[91612][1649592767124][shell][info]["userPartitionService~_rectifyTheActivePartitionOfApplication: Setting the active partition to ","1d49287e-3df5-4985-b0f8-3481c749939e"]
[91612][1649592767124][shell][info]["userPartitionService~init: Success"]
[91612][1649592767124][shell][info]["Shell~init~loginUser: Updating existing user details"]
[91612][1649592767124][shell][info]["userPartitionService~associateTransitPartition: ",{"partitionId":"1d49287e-3df5-4985-b0f8-3481c749939e","context":{"namespace":"users","userId":"9022383","teamId":"528810"}}]
[91612][1649592767124][shell][info]["userPartitionService: State of v8 partition system:"]
[91612][1649592767125][shell][info]["userPartitionService: List of partitions:",[{"partitionId":"1d49287e-3df5-4985-b0f8-3481c749939e","namespace":"users","userId":"9022383","teamId":"528810","lastUpdated":"2022-04-10T12:12:47.124Z"},{"partitionId":"c6588101-baa7-4e5b-ab0c-f0b6b7a065f4","namespace":"scratchPad","userId":0,"teamId":0,"isDirty":false}]]
[91612][1649592767125][shell][info]["userPartitionService: users global meta:",{"activePartition":"1d49287e-3df5-4985-b0f8-3481c749939e"}]
[91612][1649592767125][shell][info]["init~setViewAttributes - Initializing view with opts:"]
[91612][1649592767126][shell][info]["Shell~init~setViewAttributes: passing scratchpad partition id as ","c6588101-baa7-4e5b-ab0c-f0b6b7a065f4"]
[91612][1649592767126][shell][info]["Shell~init~setViewAttributes: do we have any logged in users? ",true]
[91612][1649592767127][shell][info]["init~setViewAttributes - Success"]
[91612][1649592770146][shell][info]["Shell~init~sendUsersDataToRenderer",["9022383"]]
[91612][1649592771137][shell][info]["model-events~user - bootstrapUser received"]
[91612][1649592771606][shell][info]["model-events~user - bootstrapUser received"]
[91612][1649593690884][shell][info]["Shell~init~sendUsersDataToRenderer",["9022383"]]
[91612][1649593693936][shell][info]["EventBus~initialize - Success"]
[91612][1649593693943][shell][info]["bootShellCrashReporter~ Success"]
[91612][1649593693954][shell][info]["shellController~init: Success"]
[91612][1649593693954][shell][info]["shellMeta~init: Success"]
[91612][1649593693954][shell][info]["partitionMigrationService: State of V7 partition:"]
[91612][1649593693954][shell][info]["partitionMigrationService: V7 partitions",[]]
[91612][1649593693954][shell][info]["partitionMigrationService: V7 lastActiveUser",null]
[91612][1649593693954][shell][info]["partitionMigrationService: V7 activePartition",null]
[91612][1649593693955][shell][info]["partitionMigrationService: V7 isPartitionDirty",null]
[91612][1649593693955][shell][info]["partitionMigrationService~init: Success"]
[91612][1649593693955][shell][info]["partitionMigrationService~runV8PartitionsIntegrity: Two way migration~ removing the following partitions from v8",[]]
[91612][1649593693956][shell][info]["userPartitionService~getRecentV8UserPartition: recent v8 user context partition ","1d49287e-3df5-4985-b0f8-3481c749939e"]
[91612][1649593693956][shell][info]["userPartitionService~_rectifyTheActivePartitionOfApplication: Setting the active partition to ","1d49287e-3df5-4985-b0f8-3481c749939e"]
[91612][1649593693956][shell][info]["userPartitionService~init: Success"]
[91612][1649593693956][shell][info]["Shell~init~logoutUser",{"id":"9022383"}]
[91612][1649593693970][shell][info]["Shell~init~logoutUser: There is no user contexts anymore, falling back to scratchpad"]
[91612][1649593693971][shell][info]["init~setViewAttributes - Initializing view with opts:"]
[91612][1649593693971][shell][info]["Shell~init~setViewAttributes: passing scratchpad partition id as ","c6588101-baa7-4e5b-ab0c-f0b6b7a065f4"]
[91612][1649593693972][shell][info]["Shell~init~setViewAttributes: do we have any logged in users? ",false]
[91612][1649593693972][shell][info]["init~setViewAttributes - Success"]
[91612][1649593695059][shell][info]["Shell~init~sendUsersDataToRenderer",[]]
[91612][1649593695085][shell][info]["Shell~init~sendUsersDataToRenderer",[]]
[91612][1649593715479][shell][info]["EventBus~initialize - Success"]
[91612][1649593715484][shell][info]["bootShellCrashReporter~ Success"]
[91612][1649593715494][shell][info]["shellController~init: Success"]
[91612][1649593715494][shell][info]["shellMeta~init: Success"]
[91612][1649593715494][shell][info]["partitionMigrationService: State of V7 partition:"]
[91612][1649593715494][shell][info]["partitionMigrationService: V7 partitions",[]]
[91612][1649593715494][shell][info]["partitionMigrationService: V7 lastActiveUser",null]
[91612][1649593715494][shell][info]["partitionMigrationService: V7 activePartition",null]
[91612][1649593715494][shell][info]["partitionMigrationService: V7 isPartitionDirty",null]
[91612][1649593715495][shell][info]["partitionMigrationService~init: Success"]
[91612][1649593715495][shell][info]["partitionMigrationService~runV8PartitionsIntegrity: Two way migration~ removing the following partitions from v8",[]]
[91612][1649593715495][shell][info]["userPartitionService~_rectifyTheActivePartitionOfApplication: Setting the active partition to ",null]
[91612][1649593715496][shell][info]["userPartitionService~init: Success"]
[91612][1649593715496][shell][info]["Shell~init~loginUser: associating the user ","18522474"," with transit partition"]
[91612][1649593715503][shell][info]["userPartitionService~associateTransitPartition: ",{"partitionId":"1d49287e-3df5-4985-b0f8-3481c749939e","context":{"namespace":"users","userId":"18522474","teamId":"0"}}]
[91612][1649593715503][shell][info]["userPartitionService: State of v8 partition system:"]
[91612][1649593715503][shell][info]["userPartitionService: List of partitions:",[{"partitionId":"1d49287e-3df5-4985-b0f8-3481c749939e","namespace":"users","userId":"18522474","teamId":"0","lastUpdated":"2022-04-10T12:28:35.503Z"},{"partitionId":"c6588101-baa7-4e5b-ab0c-f0b6b7a065f4","namespace":"scratchPad","userId":0,"teamId":0,"isDirty":false}]]
[91612][1649593715504][shell][info]["userPartitionService: users global meta:",{"activePartition":null}]
[91612][1649593715505][shell][info]["init~setViewAttributes - Initializing view with opts:"]
[91612][1649593715506][shell][info]["Shell~init~setViewAttributes: passing scratchpad partition id as ","c6588101-baa7-4e5b-ab0c-f0b6b7a065f4"]
[91612][1649593715506][shell][info]["Shell~init~setViewAttributes: do we have any logged in users? ",true]
[91612][1649593715507][shell][info]["init~setViewAttributes - Success"]
[91612][1649593717548][shell][info]["Shell~init~sendUsersDataToRenderer",["18522474"]]
[91612][1649593717867][shell][info]["EventBus~initialize - Success"]
[91612][1649593717868][shell][info]["bootShellCrashReporter~ Success"]
[91612][1649593717876][shell][info]["shellController~init: Success"]
[91612][1649593717876][shell][info]["shellMeta~init: Success"]
[91612][1649593717876][shell][info]["partitionMigrationService: State of V7 partition:"]
[91612][1649593717876][shell][info]["partitionMigrationService: V7 partitions",[]]
[91612][1649593717876][shell][info]["partitionMigrationService: V7 lastActiveUser",null]
[91612][1649593717876][shell][info]["partitionMigrationService: V7 activePartition",null]
[91612][1649593717877][shell][info]["partitionMigrationService: V7 isPartitionDirty",null]
[91612][1649593717877][shell][info]["partitionMigrationService~init: Success"]
[91612][1649593717877][shell][info]["partitionMigrationService~runV8PartitionsIntegrity: Two way migration~ removing the following partitions from v8",[]]
[91612][1649593717877][shell][info]["userPartitionService~getRecentV8UserPartition: recent v8 user context partition ","1d49287e-3df5-4985-b0f8-3481c749939e"]
[91612][1649593717877][shell][info]["userPartitionService~_rectifyTheActivePartitionOfApplication: Setting the active partition to ","1d49287e-3df5-4985-b0f8-3481c749939e"]
[91612][1649593717877][shell][info]["userPartitionService~init: Success"]
[91612][1649593717878][shell][info]["Shell~init~loginUser: Updating existing user details"]
[91612][1649593717878][shell][info]["userPartitionService~associateTransitPartition: ",{"partitionId":"1d49287e-3df5-4985-b0f8-3481c749939e","context":{"namespace":"users","userId":"18522474","teamId":"0"}}]
[91612][1649593717878][shell][info]["userPartitionService: State of v8 partition system:"]
[91612][1649593717878][shell][info]["userPartitionService: List of partitions:",[{"partitionId":"1d49287e-3df5-4985-b0f8-3481c749939e","namespace":"users","userId":"18522474","teamId":"0","lastUpdated":"2022-04-10T12:28:37.878Z"},{"partitionId":"c6588101-baa7-4e5b-ab0c-f0b6b7a065f4","namespace":"scratchPad","userId":0,"teamId":0,"isDirty":false}]]
[91612][1649593717878][shell][info]["userPartitionService: users global meta:",{"activePartition":"1d49287e-3df5-4985-b0f8-3481c749939e"}]
[91612][1649593717879][shell][info]["init~setViewAttributes - Initializing view with opts:"]
[91612][1649593717880][shell][info]["Shell~init~setViewAttributes: passing scratchpad partition id as ","c6588101-baa7-4e5b-ab0c-f0b6b7a065f4"]
[91612][1649593717880][shell][info]["Shell~init~setViewAttributes: do we have any logged in users? ",true]
[91612][1649593717881][shell][info]["init~setViewAttributes - Success"]
[91612][1649593719789][shell][info]["Shell~init~sendUsersDataToRenderer",["18522474"]]
[91612][1649593720364][shell][info]["model-events~user - bootstrapUser received"]
[91612][1649593720364][shell][info]["userPartitionService~associateTransitPartition: ",{"partitionId":"1d49287e-3df5-4985-b0f8-3481c749939e","context":{"namespace":"users","userId":"18522474","teamId":"0"}}]
[91612][1649593720364][shell][info]["userPartitionService: State of v8 partition system:"]
[91612][1649593720364][shell][info]["userPartitionService: List of partitions:",[{"partitionId":"1d49287e-3df5-4985-b0f8-3481c749939e","namespace":"users","userId":"18522474","teamId":"0","lastUpdated":"2022-04-10T12:28:40.364Z"},{"partitionId":"c6588101-baa7-4e5b-ab0c-f0b6b7a065f4","namespace":"scratchPad","userId":0,"teamId":0,"isDirty":false}]]
[91612][1649593720365][shell][info]["userPartitionService: users global meta:",{"activePartition":"1d49287e-3df5-4985-b0f8-3481c749939e"}]
[91612][1649593720604][shell][info]["model-events~user - bootstrapUser received"]
[91612][1649593720605][shell][info]["userPartitionService~associateTransitPartition: ",{"partitionId":"1d49287e-3df5-4985-b0f8-3481c749939e","context":{"namespace":"users","userId":"18522474","teamId":"0"}}]
[91612][1649593720605][shell][info]["userPartitionService: State of v8 partition system:"]
[91612][1649593720605][shell][info]["userPartitionService: List of partitions:",[{"partitionId":"1d49287e-3df5-4985-b0f8-3481c749939e","namespace":"users","userId":"18522474","teamId":"0","lastUpdated":"2022-04-10T12:28:40.605Z"},{"partitionId":"c6588101-baa7-4e5b-ab0c-f0b6b7a065f4","namespace":"scratchPad","userId":0,"teamId":0,"isDirty":false}]]
[91612][1649593720605][shell][info]["userPartitionService: users global meta:",{"activePartition":"1d49287e-3df5-4985-b0f8-3481c749939e"}]
[91612][1649593790870][shell][info]["Shell~init~sendUsersDataToRenderer",["18522474"]]
[3216][1649680451904][shell][info]["EventBus~initialize - Success"]
[3216][1649680451911][shell][info]["bootShellCrashReporter~ Success"]
[3216][1649680451920][shell][info]["shellController~init: Success"]
[3216][1649680451920][shell][info]["shellMeta~init: Success"]
[3216][1649680451921][shell][info]["partitionMigrationService: State of V7 partition:"]
[3216][1649680451921][shell][info]["partitionMigrationService: V7 partitions",[]]
[3216][1649680451921][shell][info]["partitionMigrationService: V7 lastActiveUser",null]
[3216][1649680451921][shell][info]["partitionMigrationService: V7 activePartition",null]
[3216][1649680451921][shell][info]["partitionMigrationService: V7 isPartitionDirty",null]
[3216][1649680451921][shell][info]["partitionMigrationService~init: Success"]
[3216][1649680451922][shell][info]["partitionMigrationService~runV8PartitionsIntegrity: Two way migration~ removing the following partitions from v8",[]]
[3216][1649680451922][shell][info]["userPartitionService~getRecentV8UserPartition: recent v8 user context partition ","1d49287e-3df5-4985-b0f8-3481c749939e"]
[3216][1649680451922][shell][info]["userPartitionService~_rectifyTheActivePartitionOfApplication: Setting the active partition to ","1d49287e-3df5-4985-b0f8-3481c749939e"]
[3216][1649680451923][shell][info]["userPartitionService~init: Success"]
[3216][1649680451923][shell][info]["userPartitionService: State of v8 partition system:"]
[3216][1649680451923][shell][info]["userPartitionService: List of partitions:",[{"partitionId":"1d49287e-3df5-4985-b0f8-3481c749939e","namespace":"users","userId":"18522474","teamId":"0","lastUpdated":"2022-04-10T12:28:40.605Z"},{"partitionId":"c6588101-baa7-4e5b-ab0c-f0b6b7a065f4","namespace":"scratchPad","userId":0,"teamId":0,"isDirty":false}]]
[3216][1649680451923][shell][info]["userPartitionService: users global meta:",{"activePartition":"1d49287e-3df5-4985-b0f8-3481c749939e"}]
[3216][1649680451924][shell][info]["shell~init~getPartitionToLoad: loading active partition"]
[3216][1649680451925][shell][info]["init~setViewAttributes - Initializing view with opts:"]
[3216][1649680451926][shell][info]["Shell~init~setViewAttributes: passing scratchpad partition id as ","c6588101-baa7-4e5b-ab0c-f0b6b7a065f4"]
[3216][1649680451926][shell][info]["Shell~init~setViewAttributes: do we have any logged in users? ",true]
[3216][1649680451927][shell][info]["init~setViewAttributes - Success"]
[3216][1649680454068][shell][info]["Shell~init~sendUsersDataToRenderer",["18522474"]]
[3216][1649680454915][shell][info]["model-events~user - bootstrapUser received"]
[15920][1649684565186][shell][info]["EventBus~initialize - Success"]
[15920][1649684565193][shell][info]["bootShellCrashReporter~ Success"]
[15920][1649684565203][shell][info]["shellController~init: Success"]
[15920][1649684565203][shell][info]["shellMeta~init: Success"]
[15920][1649684565203][shell][info]["partitionMigrationService: State of V7 partition:"]
[15920][1649684565203][shell][info]["partitionMigrationService: V7 partitions",[]]
[15920][1649684565204][shell][info]["partitionMigrationService: V7 lastActiveUser",null]
[15920][1649684565204][shell][info]["partitionMigrationService: V7 activePartition",null]
[15920][1649684565204][shell][info]["partitionMigrationService: V7 isPartitionDirty",null]
[15920][1649684565204][shell][info]["partitionMigrationService~init: Success"]
[15920][1649684565204][shell][info]["partitionMigrationService~runV8PartitionsIntegrity: Two way migration~ removing the following partitions from v8",[]]
[15920][1649684565205][shell][info]["userPartitionService~getRecentV8UserPartition: recent v8 user context partition ","1d49287e-3df5-4985-b0f8-3481c749939e"]
[15920][1649684565205][shell][info]["userPartitionService~_rectifyTheActivePartitionOfApplication: Setting the active partition to ","1d49287e-3df5-4985-b0f8-3481c749939e"]
[15920][1649684565205][shell][info]["userPartitionService~init: Success"]
[15920][1649684565205][shell][info]["userPartitionService: State of v8 partition system:"]
[15920][1649684565206][shell][info]["userPartitionService: List of partitions:",[{"partitionId":"1d49287e-3df5-4985-b0f8-3481c749939e","namespace":"users","userId":"18522474","teamId":"0","lastUpdated":"2022-04-10T12:28:40.605Z"},{"partitionId":"c6588101-baa7-4e5b-ab0c-f0b6b7a065f4","namespace":"scratchPad","userId":0,"teamId":0,"isDirty":false}]]
[15920][1649684565206][shell][info]["userPartitionService: users global meta:",{"activePartition":"1d49287e-3df5-4985-b0f8-3481c749939e"}]
[15920][1649684565206][shell][info]["shell~init~getPartitionToLoad: loading active partition"]
[15920][1649684565207][shell][info]["init~setViewAttributes - Initializing view with opts:"]
[15920][1649684565209][shell][info]["Shell~init~setViewAttributes: passing scratchpad partition id as ","c6588101-baa7-4e5b-ab0c-f0b6b7a065f4"]
[15920][1649684565209][shell][info]["Shell~init~setViewAttributes: do we have any logged in users? ",true]
[15920][1649684565210][shell][info]["init~setViewAttributes - Success"]
[15920][1649684566161][shell][info]["Shell~init~sendUsersDataToRenderer",["18522474"]]
[15920][1649684567016][shell][info]["model-events~user - bootstrapUser received"]
[24660][1649686688506][shell][info]["EventBus~initialize - Success"]
[24660][1649686688513][shell][info]["bootShellCrashReporter~ Success"]
[24660][1649686688522][shell][info]["shellController~init: Success"]
[24660][1649686688522][shell][info]["shellMeta~init: Success"]
[24660][1649686688522][shell][info]["partitionMigrationService: State of V7 partition:"]
[24660][1649686688522][shell][info]["partitionMigrationService: V7 partitions",[]]
[24660][1649686688522][shell][info]["partitionMigrationService: V7 lastActiveUser",null]
[24660][1649686688523][shell][info]["partitionMigrationService: V7 activePartition",null]
[24660][1649686688523][shell][info]["partitionMigrationService: V7 isPartitionDirty",null]
[24660][1649686688523][shell][info]["partitionMigrationService~init: Success"]
[24660][1649686688523][shell][info]["partitionMigrationService~runV8PartitionsIntegrity: Two way migration~ removing the following partitions from v8",[]]
[24660][1649686688524][shell][info]["userPartitionService~getRecentV8UserPartition: recent v8 user context partition ","1d49287e-3df5-4985-b0f8-3481c749939e"]
[24660][1649686688524][shell][info]["userPartitionService~_rectifyTheActivePartitionOfApplication: Setting the active partition to ","1d49287e-3df5-4985-b0f8-3481c749939e"]
[24660][1649686688524][shell][info]["userPartitionService~init: Success"]
[24660][1649686688524][shell][info]["userPartitionService: State of v8 partition system:"]
[24660][1649686688524][shell][info]["userPartitionService: List of partitions:",[{"partitionId":"1d49287e-3df5-4985-b0f8-3481c749939e","namespace":"users","userId":"18522474","teamId":"0","lastUpdated":"2022-04-10T12:28:40.605Z"},{"partitionId":"c6588101-baa7-4e5b-ab0c-f0b6b7a065f4","namespace":"scratchPad","userId":0,"teamId":0,"isDirty":false}]]
[24660][1649686688525][shell][info]["userPartitionService: users global meta:",{"activePartition":"1d49287e-3df5-4985-b0f8-3481c749939e"}]
[24660][1649686688525][shell][info]["shell~init~getPartitionToLoad: loading active partition"]
[24660][1649686688526][shell][info]["init~setViewAttributes - Initializing view with opts:"]
[24660][1649686688528][shell][info]["Shell~init~setViewAttributes: passing scratchpad partition id as ","c6588101-baa7-4e5b-ab0c-f0b6b7a065f4"]
[24660][1649686688528][shell][info]["Shell~init~setViewAttributes: do we have any logged in users? ",true]
[24660][1649686688528][shell][info]["init~setViewAttributes - Success"]
[24660][1649686689513][shell][info]["Shell~init~sendUsersDataToRenderer",["18522474"]]
[24660][1649686690347][shell][info]["model-events~user - bootstrapUser received"]
[100061][1649772540772][shell][info]["EventBus~initialize - Success"]
[100061][1649772540780][shell][info]["bootShellCrashReporter~ Success"]
[100061][1649772540789][shell][info]["shellController~init: Success"]
[100061][1649772540790][shell][info]["shellMeta~init: Success"]
[100061][1649772540790][shell][info]["partitionMigrationService: State of V7 partition:"]
[100061][1649772540790][shell][info]["partitionMigrationService: V7 partitions",[]]
[100061][1649772540790][shell][info]["partitionMigrationService: V7 lastActiveUser",null]
[100061][1649772540790][shell][info]["partitionMigrationService: V7 activePartition",null]
[100061][1649772540790][shell][info]["partitionMigrationService: V7 isPartitionDirty",null]
[100061][1649772540791][shell][info]["partitionMigrationService~init: Success"]
[100061][1649772540791][shell][info]["partitionMigrationService~runV8PartitionsIntegrity: Two way migration~ removing the following partitions from v8",[]]
[100061][1649772540791][shell][info]["userPartitionService~getRecentV8UserPartition: recent v8 user context partition ","1d49287e-3df5-4985-b0f8-3481c749939e"]
[100061][1649772540791][shell][info]["userPartitionService~_rectifyTheActivePartitionOfApplication: Setting the active partition to ","1d49287e-3df5-4985-b0f8-3481c749939e"]
[100061][1649772540792][shell][info]["userPartitionService~init: Success"]
[100061][1649772540792][shell][info]["userPartitionService: State of v8 partition system:"]
[100061][1649772540792][shell][info]["userPartitionService: List of partitions:",[{"partitionId":"1d49287e-3df5-4985-b0f8-3481c749939e","namespace":"users","userId":"18522474","teamId":"0","lastUpdated":"2022-04-10T12:28:40.605Z"},{"partitionId":"c6588101-baa7-4e5b-ab0c-f0b6b7a065f4","namespace":"scratchPad","userId":0,"teamId":0,"isDirty":false}]]
[100061][1649772540792][shell][info]["userPartitionService: users global meta:",{"activePartition":"1d49287e-3df5-4985-b0f8-3481c749939e"}]
[100061][1649772540793][shell][info]["shell~init~getPartitionToLoad: loading active partition"]
[100061][1649772540794][shell][info]["init~setViewAttributes - Initializing view with opts:"]
[100061][1649772540795][shell][info]["Shell~init~setViewAttributes: passing scratchpad partition id as ","c6588101-baa7-4e5b-ab0c-f0b6b7a065f4"]
[100061][1649772540796][shell][info]["Shell~init~setViewAttributes: do we have any logged in users? ",true]
[100061][1649772540796][shell][info]["init~setViewAttributes - Success"]
[100061][1649772541793][shell][info]["Shell~init~sendUsersDataToRenderer",["18522474"]]
[100061][1649772543698][shell][info]["model-events~user - bootstrapUser received"]
[125334][1649778580466][shell][info]["EventBus~initialize - Success"]
[125334][1649778580473][shell][info]["bootShellCrashReporter~ Success"]
[125334][1649778580483][shell][info]["shellController~init: Success"]
[125334][1649778580483][shell][info]["shellMeta~init: Success"]
[125334][1649778580483][shell][info]["partitionMigrationService: State of V7 partition:"]
[125334][1649778580483][shell][info]["partitionMigrationService: V7 partitions",[]]
[125334][1649778580483][shell][info]["partitionMigrationService: V7 lastActiveUser",null]
[125334][1649778580483][shell][info]["partitionMigrationService: V7 activePartition",null]
[125334][1649778580483][shell][info]["partitionMigrationService: V7 isPartitionDirty",null]
[125334][1649778580484][shell][info]["partitionMigrationService~init: Success"]
[125334][1649778580484][shell][info]["partitionMigrationService~runV8PartitionsIntegrity: Two way migration~ removing the following partitions from v8",[]]
[125334][1649778580485][shell][info]["userPartitionService~getRecentV8UserPartition: recent v8 user context partition ","1d49287e-3df5-4985-b0f8-3481c749939e"]
[125334][1649778580485][shell][info]["userPartitionService~_rectifyTheActivePartitionOfApplication: Setting the active partition to ","1d49287e-3df5-4985-b0f8-3481c749939e"]
[125334][1649778580485][shell][info]["userPartitionService~init: Success"]
[125334][1649778580485][shell][info]["userPartitionService: State of v8 partition system:"]
[125334][1649778580485][shell][info]["userPartitionService: List of partitions:",[{"partitionId":"1d49287e-3df5-4985-b0f8-3481c749939e","namespace":"users","userId":"18522474","teamId":"0","lastUpdated":"2022-04-10T12:28:40.605Z"},{"partitionId":"c6588101-baa7-4e5b-ab0c-f0b6b7a065f4","namespace":"scratchPad","userId":0,"teamId":0,"isDirty":false}]]
[125334][1649778580486][shell][info]["userPartitionService: users global meta:",{"activePartition":"1d49287e-3df5-4985-b0f8-3481c749939e"}]
[125334][1649778580486][shell][info]["shell~init~getPartitionToLoad: loading active partition"]
[125334][1649778580487][shell][info]["init~setViewAttributes - Initializing view with opts:"]
[125334][1649778580488][shell][info]["Shell~init~setViewAttributes: passing scratchpad partition id as ","c6588101-baa7-4e5b-ab0c-f0b6b7a065f4"]
[125334][1649778580489][shell][info]["Shell~init~setViewAttributes: do we have any logged in users? ",true]
[125334][1649778580489][shell][info]["init~setViewAttributes - Success"]
[125334][1649778581498][shell][info]["Shell~init~sendUsersDataToRenderer",["18522474"]]
[125334][1649778582318][shell][info]["model-events~user - bootstrapUser received"]
